2025-04-09 00:43:04 - Bot đã thoát với mã: 3221225786
2025-04-09 00:43:04 - Failed to stop bot: kill ESRCH
2025-04-09 00:43:06 - Bot started
2025-04-09 00:43:06 - Bot restarted
2025-04-09 00:43:22 - Bot started
2025-07-15 01:58:34 - Bot started
2025-07-15 01:58:54 - Bot đã thoát với mã: 3221225786
2025-07-15 01:58:54 - Failed to stop bot: kill ESRCH
2025-07-15 01:58:56 - Bot started
2025-07-15 01:58:56 - Bot restarted
2025-07-15 02:01:30 - Bot started
2025-07-15 02:01:33 - Bot đã thoát với mã: 1
2025-07-15 02:01:33 - Failed to stop bot: kill ESRCH
2025-07-15 02:01:34 - Bot started
2025-07-15 02:01:34 - Bot restarted
2025-07-15 02:01:37 - Bot đã thoát với mã: 1
2025-07-15 02:01:37 - Failed to stop bot: kill ESRCH
2025-07-15 02:01:38 - Bot started
2025-07-15 02:01:38 - Bot restarted
2025-07-15 02:01:42 - Bot đã thoát với mã: 1
2025-07-15 02:01:42 - Failed to stop bot: kill ESRCH
2025-07-15 02:01:43 - Bot started
2025-07-15 02:01:43 - Bot restarted
2025-07-15 02:06:30 - Bot started
2025-07-15 02:06:33 - Bot đã thoát với mã: 1
2025-07-15 02:06:33 - Failed to stop bot: kill ESRCH
2025-07-15 02:06:34 - Bot started
2025-07-15 02:06:34 - Bot restarted
2025-07-15 02:06:38 - Bot đã thoát với mã: 1
2025-07-15 02:06:38 - Failed to stop bot: kill ESRCH
2025-07-15 02:06:39 - Bot started
2025-07-15 02:06:39 - Bot restarted
2025-07-15 02:06:42 - Bot đã thoát với mã: 1
2025-07-15 02:06:42 - Failed to stop bot: kill ESRCH
2025-07-15 02:06:43 - Bot started
2025-07-15 02:06:43 - Bot restarted
2025-07-15 02:06:46 - Bot đã thoát với mã: 1
2025-07-15 02:06:46 - Failed to stop bot: kill ESRCH
2025-07-15 02:06:47 - Bot started
2025-07-15 02:06:47 - Bot restarted
2025-07-15 02:06:51 - Bot đã thoát với mã: 1
2025-07-15 02:06:51 - Failed to stop bot: kill ESRCH
2025-07-15 02:06:52 - Bot started
2025-07-15 02:06:52 - Bot restarted
2025-07-15 02:07:55 - Bot started
2025-07-15 02:08:34 - Bot đã thoát với mã: 3221225786
2025-07-15 02:08:34 - Failed to stop bot: kill ESRCH
2025-07-15 02:08:35 - Bot started
2025-07-15 02:08:35 - Bot restarted
2025-07-15 02:09:58 - Bot started
2025-07-15 02:15:58 - Bot started
2025-07-15 02:17:36 - Bot đã thoát với mã: 3221225786
2025-07-15 02:17:36 - Failed to stop bot: kill ESRCH
2025-07-15 02:17:37 - Bot started
2025-07-15 02:17:37 - Bot restarted
2025-07-15 02:17:55 - Bot đã thoát với mã: 3221225786
2025-07-15 02:17:55 - Failed to stop bot: kill ESRCH
2025-07-15 02:17:56 - Bot started
2025-07-15 02:17:56 - Bot restarted
2025-07-15 02:25:24 - Bot started
2025-07-15 02:25:46 - Bot đã thoát với mã: 3221225786
2025-07-15 02:25:46 - Failed to stop bot: kill ESRCH
2025-07-15 02:25:48 - Bot started
2025-07-15 02:25:48 - Bot restarted
2025-07-15 02:28:35 - Bot đã thoát với mã: 3221225786
2025-07-15 02:28:35 - Failed to stop bot: kill ESRCH
2025-07-15 02:28:36 - Bot started
2025-07-15 02:28:36 - Bot restarted
2025-07-15 02:31:41 - Bot started
2025-07-15 02:32:26 - Bot started
2025-07-15 02:32:44 - Bot đã thoát với mã: 1
2025-07-15 02:32:44 - Failed to stop bot: kill ESRCH
2025-07-15 02:32:45 - Bot started
2025-07-15 02:32:45 - Bot restarted
2025-07-15 02:32:48 - Bot đã thoát với mã: 1
2025-07-15 02:32:48 - Failed to stop bot: kill ESRCH
2025-07-15 02:32:49 - Bot started
2025-07-15 02:32:49 - Bot restarted
2025-07-15 02:32:53 - Bot đã thoát với mã: 1
2025-07-15 02:32:53 - Failed to stop bot: kill ESRCH
2025-07-15 02:32:54 - Bot started
2025-07-15 02:32:54 - Bot restarted
2025-07-15 02:33:46 - Bot started
2025-07-15 02:33:50 - Bot đã thoát với mã: 1
2025-07-15 02:33:50 - Failed to stop bot: kill ESRCH
2025-07-15 02:33:51 - Bot started
2025-07-15 02:33:51 - Bot restarted
2025-07-15 02:33:54 - Bot đã thoát với mã: 1
2025-07-15 02:33:54 - Failed to stop bot: kill ESRCH
2025-07-15 02:33:55 - Bot started
2025-07-15 02:33:55 - Bot restarted
2025-07-15 02:33:59 - Bot đã thoát với mã: 1
2025-07-15 02:33:59 - Failed to stop bot: kill ESRCH
2025-07-15 02:34:00 - Bot started
2025-07-15 02:34:00 - Bot restarted
2025-07-15 02:34:02 - Bot đã thoát với mã: 3221225786
2025-07-15 02:34:02 - Failed to stop bot: kill ESRCH
2025-07-15 02:34:03 - Bot started
2025-07-15 02:34:03 - Bot restarted
2025-07-15 02:34:07 - Bot đã thoát với mã: 1
2025-07-15 02:34:07 - Failed to stop bot: kill ESRCH
2025-07-15 02:34:08 - Bot started
2025-07-15 02:34:08 - Bot restarted
2025-07-15 02:34:34 - Bot started
2025-07-15 02:34:38 - Bot đã thoát với mã: 1
2025-07-15 02:34:38 - Failed to stop bot: kill ESRCH
2025-07-15 02:34:39 - Bot started
2025-07-15 02:34:39 - Bot restarted
2025-07-15 02:34:42 - Bot đã thoát với mã: 1
2025-07-15 02:34:42 - Failed to stop bot: kill ESRCH
2025-07-15 02:34:43 - Bot started
2025-07-15 02:34:43 - Bot restarted
2025-07-15 02:35:14 - Bot started
2025-07-15 02:35:19 - Bot đã thoát với mã: 1
2025-07-15 02:35:19 - Failed to stop bot: kill ESRCH
2025-07-15 02:35:20 - Bot started
2025-07-15 02:35:20 - Bot restarted
2025-07-15 02:35:25 - Bot đã thoát với mã: 1
2025-07-15 02:35:25 - Failed to stop bot: kill ESRCH
2025-07-15 02:35:26 - Bot started
2025-07-15 02:35:26 - Bot restarted
2025-07-15 02:35:31 - Bot đã thoát với mã: 1
2025-07-15 02:35:31 - Failed to stop bot: kill ESRCH
2025-07-15 02:35:32 - Bot started
2025-07-15 02:35:32 - Bot restarted
2025-07-15 02:35:36 - Bot đã thoát với mã: 1
2025-07-15 02:35:36 - Failed to stop bot: kill ESRCH
2025-07-15 02:35:37 - Bot started
2025-07-15 02:35:37 - Bot restarted
2025-07-15 02:35:42 - Bot đã thoát với mã: 1
2025-07-15 02:35:42 - Failed to stop bot: kill ESRCH
2025-07-15 02:35:43 - Bot started
2025-07-15 02:35:43 - Bot restarted
2025-07-15 02:35:48 - Bot đã thoát với mã: 1
2025-07-15 02:35:48 - Failed to stop bot: kill ESRCH
2025-07-15 02:35:49 - Bot started
2025-07-15 02:35:49 - Bot restarted
2025-07-15 02:35:53 - Bot đã thoát với mã: 1
2025-07-15 02:35:53 - Failed to stop bot: kill ESRCH
2025-07-15 02:35:54 - Bot started
2025-07-15 02:35:54 - Bot restarted
2025-07-15 02:35:59 - Bot đã thoát với mã: 1
2025-07-15 02:35:59 - Failed to stop bot: kill ESRCH
2025-07-15 02:36:00 - Bot started
2025-07-15 02:36:00 - Bot restarted
2025-07-15 02:36:03 - Bot đã thoát với mã: 3221225786
2025-07-15 02:36:03 - Failed to stop bot: kill ESRCH
2025-07-15 02:36:04 - Bot started
2025-07-15 02:36:04 - Bot restarted
2025-07-15 02:36:08 - Bot đã thoát với mã: 1
2025-07-15 02:36:08 - Failed to stop bot: kill ESRCH
2025-07-15 02:36:10 - Bot started
2025-07-15 02:36:10 - Bot restarted
2025-07-15 02:36:55 - Bot started
2025-07-15 02:36:58 - Bot đã thoát với mã: 1
2025-07-15 02:36:58 - Failed to stop bot: kill ESRCH
2025-07-15 02:36:59 - Bot started
2025-07-15 02:36:59 - Bot restarted
2025-07-15 02:37:03 - Bot đã thoát với mã: 1
2025-07-15 02:37:03 - Failed to stop bot: kill ESRCH
2025-07-15 02:37:04 - Bot started
2025-07-15 02:37:04 - Bot restarted
2025-07-15 02:37:08 - Bot đã thoát với mã: 1
2025-07-15 02:37:08 - Failed to stop bot: kill ESRCH
2025-07-15 02:37:09 - Bot started
2025-07-15 02:37:09 - Bot restarted
2025-07-15 02:37:12 - Bot đã thoát với mã: 1
2025-07-15 02:37:12 - Failed to stop bot: kill ESRCH
2025-07-15 02:37:13 - Bot started
2025-07-15 02:37:13 - Bot restarted
2025-07-15 02:37:17 - Bot đã thoát với mã: 1
2025-07-15 02:37:17 - Failed to stop bot: kill ESRCH
2025-07-15 02:37:18 - Bot started
2025-07-15 02:37:18 - Bot restarted
2025-07-15 02:42:41 - Bot started
2025-07-15 02:42:44 - Bot đã thoát với mã: 1
2025-07-15 02:42:44 - Failed to stop bot: kill ESRCH
2025-07-15 02:42:46 - Bot started
2025-07-15 02:42:46 - Bot restarted
2025-07-15 02:42:49 - Bot đã thoát với mã: 1
2025-07-15 02:42:49 - Failed to stop bot: kill ESRCH
2025-07-15 02:42:50 - Bot started
2025-07-15 02:42:50 - Bot restarted
2025-07-15 02:43:13 - Bot started
2025-07-15 02:43:17 - Bot đã thoát với mã: 1
2025-07-15 02:43:17 - Failed to stop bot: kill ESRCH
2025-07-15 02:43:18 - Bot started
2025-07-15 02:43:18 - Bot restarted
2025-07-15 02:43:21 - Bot đã thoát với mã: 1
2025-07-15 02:43:21 - Failed to stop bot: kill ESRCH
2025-07-15 02:43:22 - Bot started
2025-07-15 02:43:22 - Bot restarted
2025-07-15 02:43:26 - Bot đã thoát với mã: 1
2025-07-15 02:43:26 - Failed to stop bot: kill ESRCH
2025-07-15 02:43:27 - Bot started
2025-07-15 02:43:27 - Bot restarted
2025-07-15 02:43:30 - Bot đã thoát với mã: 1
2025-07-15 02:43:30 - Failed to stop bot: kill ESRCH
2025-07-15 02:43:31 - Bot started
2025-07-15 02:43:31 - Bot restarted
2025-07-15 02:48:27 - Bot started
2025-07-15 02:48:37 - Bot đã thoát với mã: 3221225786
2025-07-15 02:48:37 - Failed to stop bot: kill ESRCH
2025-07-15 02:48:38 - Bot started
2025-07-15 02:48:38 - Bot restarted
2025-07-15 02:48:58 - Bot đã thoát với mã: 3221225786
2025-07-15 02:48:58 - Failed to stop bot: kill ESRCH
2025-07-15 02:48:59 - Bot started
2025-07-15 02:48:59 - Bot restarted
2025-07-15 02:53:10 - Mã Lỗi: undefined - > Chú Thích Lỗi Tin Nhắn: badWords is not defined
Nội Dung Lỗi: ReferenceError: badWords is not defined
    at handleBadWordModification (file:///C:/Users/inhta/Downloads/300m_V1.5.3_NDQ-main/src/service-dqt/anti-service/anti-badword.js:73:16)
    at handleAntiBadWordCommand (file:///C:/Users/inhta/Downloads/300m_V1.5.3_NDQ-main/src/service-dqt/anti-service/anti-badword.js:203:11)
    at handleCommand (file:///C:/Users/inhta/Downloads/300m_V1.5.3_NDQ-main/src/commands/command.js:714:33)
    at async messagesUser (file:///C:/Users/inhta/Downloads/300m_V1.5.3_NDQ-main/src/automations/event-send-msg.js:186:35)
    at async Listener.<anonymous> (file:///C:/Users/inhta/Downloads/300m_V1.5.3_NDQ-main/src/index.js:165:5)
2025-07-15 12:28:11 - Bot started
2025-07-15 12:28:48 - Bot started
2025-07-15 12:31:08 - Bot đã thoát với mã: 3221225786
2025-07-15 12:31:08 - Failed to stop bot: kill ESRCH
2025-07-15 12:31:09 - Bot started
2025-07-15 12:31:09 - Bot restarted
2025-07-15 12:34:27 - Bot đã thoát với mã: 3221225786
2025-07-15 12:34:27 - Failed to stop bot: kill ESRCH
2025-07-15 12:34:28 - Bot started
2025-07-15 12:34:28 - Bot restarted
2025-07-15 12:35:00 - Bot đã thoát với mã: 3221225786
2025-07-15 12:35:00 - Failed to stop bot: kill ESRCH
2025-07-15 12:35:01 - Bot started
2025-07-15 12:35:01 - Bot restarted
2025-07-15 18:23:12 - Bot started
2025-07-15 18:24:00 - Bot đã thoát với mã: 3221225786
2025-07-15 18:24:00 - Failed to stop bot: kill ESRCH
2025-07-15 18:24:01 - Bot started
2025-07-15 18:24:01 - Bot restarted
2025-07-15 18:24:26 - Bot started
2025-07-15 18:24:54 - Bot đã thoát với mã: 3221225786
2025-07-15 18:24:54 - Failed to stop bot: kill ESRCH
2025-07-15 18:24:55 - Bot started
2025-07-15 18:24:55 - Bot restarted
2025-07-15 18:35:14 - Bot đã thoát với mã: 3221225786
2025-07-15 18:35:14 - Failed to stop bot: kill ESRCH
2025-07-15 18:35:15 - Bot started
2025-07-15 18:35:15 - Bot restarted
2025-07-15 18:36:03 - Bot đã thoát với mã: 3221225786
2025-07-15 18:36:03 - Failed to stop bot: kill ESRCH
2025-07-15 18:36:04 - Bot started
2025-07-15 18:36:04 - Bot restarted
2025-07-15 18:39:23 - Bot đã thoát với mã: 3221225786
2025-07-15 18:39:23 - Failed to stop bot: kill ESRCH
2025-07-15 18:39:24 - Bot started
2025-07-15 18:39:24 - Bot restarted
2025-07-15 18:43:45 - Bot đã thoát với mã: 3221225786
2025-07-15 18:43:45 - Failed to stop bot: kill ESRCH
2025-07-15 18:43:46 - Bot started
2025-07-15 18:43:46 - Bot restarted
2025-07-15 18:48:10 - Bot started
2025-07-15 19:07:15 - Bot started
2025-07-15 19:07:30 - Bot đã thoát với mã: 3221225786
2025-07-15 19:07:31 - Failed to stop bot: kill ESRCH
2025-07-15 19:07:32 - Bot started
2025-07-15 19:07:32 - Bot restarted
2025-07-15 19:09:15 - Bot đã thoát với mã: 3221225786
2025-07-15 19:09:15 - Failed to stop bot: kill ESRCH
2025-07-15 19:09:16 - Bot started
2025-07-15 19:09:16 - Bot restarted
2025-07-15 19:13:22 - Bot đã thoát với mã: 3221225786
2025-07-15 19:13:22 - Failed to stop bot: kill ESRCH
2025-07-15 19:13:23 - Bot started
2025-07-15 19:13:23 - Bot restarted
2025-07-15 19:17:22 - Bot đã thoát với mã: 3221225786
2025-07-15 19:17:22 - Failed to stop bot: kill ESRCH
2025-07-15 19:17:23 - Bot started
2025-07-15 19:17:23 - Bot restarted
2025-07-15 19:25:17 - Bot đã thoát với mã: 3221225786
2025-07-15 19:25:17 - Failed to stop bot: kill ESRCH
2025-07-15 19:25:18 - Bot started
2025-07-15 19:25:18 - Bot restarted
2025-07-15 19:35:59 - Bot đã thoát với mã: 3221225786
2025-07-15 19:35:59 - Failed to stop bot: kill ESRCH
2025-07-15 19:36:00 - Bot started
2025-07-15 19:36:00 - Bot restarted
2025-07-15 19:56:37 - Bot started
2025-07-15 19:57:17 - Bot đã thoát với mã: 3221225786
2025-07-15 19:57:17 - Failed to stop bot: kill ESRCH
2025-07-15 19:57:18 - Bot started
2025-07-15 19:57:18 - Bot restarted
2025-07-15 19:57:45 - Bot started
2025-07-15 20:20:47 - Bot đã thoát với mã: 3221225786
2025-07-15 20:20:47 - Failed to stop bot: kill ESRCH
2025-07-15 20:20:48 - Bot started
2025-07-15 20:20:48 - Bot restarted
2025-07-15 20:20:49 - Bot đã thoát với mã: 1
2025-07-15 20:20:49 - Failed to stop bot: kill ESRCH
2025-07-15 20:20:50 - Bot started
2025-07-15 20:20:50 - Bot restarted
2025-07-15 20:20:52 - Bot đã thoát với mã: 1
2025-07-15 20:20:52 - Failed to stop bot: kill ESRCH
2025-07-15 20:20:53 - Bot started
2025-07-15 20:20:53 - Bot restarted
2025-07-15 20:20:54 - Bot đã thoát với mã: 1
2025-07-15 20:20:54 - Failed to stop bot: kill ESRCH
2025-07-15 20:20:55 - Bot started
2025-07-15 20:20:55 - Bot restarted
2025-07-15 20:20:56 - Bot đã thoát với mã: 1
2025-07-15 20:20:56 - Failed to stop bot: kill ESRCH
2025-07-15 20:20:57 - Bot started
2025-07-15 20:20:57 - Bot restarted
2025-07-15 20:21:55 - Bot started
2025-07-15 20:21:56 - Bot đã thoát với mã: 1
2025-07-15 20:21:56 - Failed to stop bot: kill ESRCH
2025-07-15 20:21:57 - Bot started
2025-07-15 20:21:57 - Bot restarted
2025-07-15 20:21:59 - Bot đã thoát với mã: 1
2025-07-15 20:21:59 - Failed to stop bot: kill ESRCH
2025-07-15 20:22:00 - Bot started
2025-07-15 20:22:00 - Bot restarted
2025-07-15 20:27:41 - Bot started
2025-07-15 20:27:42 - Bot đã thoát với mã: 1
2025-07-15 20:27:42 - Failed to stop bot: kill ESRCH
2025-07-15 20:27:43 - Bot started
2025-07-15 20:27:43 - Bot restarted
2025-07-15 20:27:45 - Bot đã thoát với mã: 1
2025-07-15 20:27:45 - Failed to stop bot: kill ESRCH
2025-07-15 20:27:46 - Bot started
2025-07-15 20:27:46 - Bot restarted
2025-07-15 20:28:23 - Bot started
2025-07-15 20:31:34 - Bot đã thoát với mã: 3221225786
2025-07-15 20:31:34 - Failed to stop bot: kill ESRCH
2025-07-15 20:31:35 - Bot started
2025-07-15 20:31:35 - Bot restarted
2025-07-15 20:32:24 - Bot đã thoát với mã: 3221225786
2025-07-15 20:32:24 - Failed to stop bot: kill ESRCH
2025-07-15 20:32:25 - Bot started
2025-07-15 20:32:25 - Bot restarted
2025-07-15 21:01:07 - Bot đã thoát với mã: 3221225786
2025-07-15 21:01:07 - Failed to stop bot: kill ESRCH
2025-07-15 21:01:08 - Bot started
2025-07-15 21:01:08 - Bot restarted
2025-07-15 21:13:01 - Bot đã thoát với mã: 3221225786
2025-07-15 21:13:01 - Failed to stop bot: kill ESRCH
2025-07-15 21:13:02 - Bot started
2025-07-15 21:13:02 - Bot restarted
2025-07-15 21:17:21 - Bot đã thoát với mã: 3221225786
2025-07-15 21:17:21 - Failed to stop bot: kill ESRCH
2025-07-15 21:17:22 - Bot started
2025-07-15 21:17:22 - Bot restarted
2025-07-15 21:21:25 - Bot đã thoát với mã: 3221225786
2025-07-15 21:21:25 - Failed to stop bot: kill ESRCH
2025-07-15 21:21:27 - Bot started
2025-07-15 21:21:27 - Bot restarted
2025-07-15 21:42:16 - Bot started
2025-07-15 21:43:59 - Mã Lỗi: ER_NO_SUCH_TABLE - > Chú Thích Lỗi Tin Nhắn: Table 'bot-zalo-dqt.plans' doesn't exist
Nội Dung Lỗi: Error: Table 'bot-zalo-dqt.plans' doesn't exist
    at PromisePool.execute (C:\DEV\Bot quản lý group zalo vip\node_modules\mysql2\lib\promise\pool.js:54:22)
    at getPlansByGroup (file:///C:/DEV/Bot%20qu%E1%BA%A3n%20l%C3%BD%20group%20zalo%20vip/src/database/plan.js:21:35)
    at handlePlanListCommand (file:///C:/DEV/Bot%20qu%E1%BA%A3n%20l%C3%BD%20group%20zalo%20vip/src/commands/plan.js:102:23)
    at handleCommand (file:///C:/DEV/Bot%20qu%E1%BA%A3n%20l%C3%BD%20group%20zalo%20vip/src/commands/command.js:992:17)
    at process.processTicksAndRejections (node:internal/process/task_queues:95:5)
    at async messagesUser (file:///C:/DEV/Bot%20qu%E1%BA%A3n%20l%C3%BD%20group%20zalo%20vip/src/automations/event-send-msg.js:186:35)
    at async Listener.<anonymous> (file:///C:/DEV/Bot%20qu%E1%BA%A3n%20l%C3%BD%20group%20zalo%20vip/src/index.js:165:5)
2025-07-15 21:46:59 - Bot đã thoát với mã: 3221225786
2025-07-15 21:46:59 - Failed to stop bot: kill ESRCH
2025-07-15 21:47:00 - Bot started
2025-07-15 21:47:00 - Bot restarted
2025-07-15 21:52:31 - Bot started
2025-07-15 22:00:24 - Bot đã thoát với mã: 3221225786
2025-07-15 22:00:24 - Failed to stop bot: kill ESRCH
2025-07-15 22:00:25 - Bot started
2025-07-15 22:00:25 - Bot restarted
2025-07-15 22:02:51 - Bot đã thoát với mã: 3221225786
2025-07-15 22:02:51 - Failed to stop bot: kill ESRCH
2025-07-15 22:02:52 - Bot started
2025-07-15 22:02:52 - Bot restarted
2025-07-15 22:24:41 - Bot đã thoát với mã: 3221225786
2025-07-15 22:24:41 - Failed to stop bot: kill ESRCH
2025-07-15 22:24:42 - Bot started
2025-07-15 22:24:42 - Bot restarted
2025-07-15 22:37:26 - Bot started
2025-07-15 22:39:20 - Bot đã thoát với mã: 3221225786
2025-07-15 22:39:20 - Failed to stop bot: kill ESRCH
2025-07-15 22:39:21 - Bot started
2025-07-15 22:39:21 - Bot restarted
2025-07-15 22:42:42 - Bot đã thoát với mã: 3221225786
2025-07-15 22:42:42 - Failed to stop bot: kill ESRCH
2025-07-15 22:42:43 - Bot started
2025-07-15 22:42:43 - Bot restarted
2025-07-15 22:47:19 - Bot đã thoát với mã: 3221225786
2025-07-15 22:47:19 - Failed to stop bot: kill ESRCH
2025-07-15 22:47:20 - Bot started
2025-07-15 22:47:20 - Bot restarted
2025-07-15 22:48:12 - Bot đã thoát với mã: 3221225786
2025-07-15 22:48:12 - Failed to stop bot: kill ESRCH
2025-07-15 22:48:13 - Bot started
2025-07-15 22:48:13 - Bot restarted
2025-07-15 22:50:13 - Bot đã thoát với mã: 3221225786
2025-07-15 22:50:13 - Failed to stop bot: kill ESRCH
2025-07-15 22:50:14 - Bot started
2025-07-15 22:50:14 - Bot restarted
2025-07-15 22:52:27 - Bot đã thoát với mã: 3221225786
2025-07-15 22:52:27 - Failed to stop bot: kill ESRCH
2025-07-15 22:52:28 - Bot started
2025-07-15 22:52:28 - Bot restarted
2025-07-15 23:03:11 - Mã Lỗi: 114 - > Chú Thích Lỗi Tin Nhắn: Tham số không hợp lệ
Nội Dung Lỗi: ZlBotDQTApiError: Tham số không hợp lệ
    at API.getQRLink (file:///C:/DEV/Bot%20qu%E1%BA%A3n%20l%C3%BD%20group%20zalo%20vip/src/api-zalo/apis/getQRZalo.js:36:29)
    at process.processTicksAndRejections (node:internal/process/task_queues:95:5)
    at async API.sendBusinessCard (file:///C:/DEV/Bot%20qu%E1%BA%A3n%20l%C3%BD%20group%20zalo%20vip/src/api-zalo/apis/sendBusinessCard.js:32:23)
    at async checkAndSendBusinessCard (file:///C:/DEV/Bot%20qu%E1%BA%A3n%20l%C3%BD%20group%20zalo%20vip/src/automations/event-send-msg.js:73:9)
    at async messagesUser (file:///C:/DEV/Bot%20qu%E1%BA%A3n%20l%C3%BD%20group%20zalo%20vip/src/automations/event-send-msg.js:139:53)
    at async Listener.<anonymous> (file:///C:/DEV/Bot%20qu%E1%BA%A3n%20l%C3%BD%20group%20zalo%20vip/src/index.js:165:5)
2025-07-15 23:10:57 - Bot đã thoát với mã: 3221225786
2025-07-15 23:10:57 - Failed to stop bot: kill ESRCH
2025-07-15 23:10:58 - Bot started
2025-07-15 23:10:58 - Bot restarted
2025-07-15 23:11:05 - Mã Lỗi: 114 - > Chú Thích Lỗi Tin Nhắn: Tham số không hợp lệ
Nội Dung Lỗi: ZlBotDQTApiError: Tham số không hợp lệ
    at API.getQRLink (file:///C:/DEV/Bot%20qu%E1%BA%A3n%20l%C3%BD%20group%20zalo%20vip/src/api-zalo/apis/getQRZalo.js:36:29)
    at process.processTicksAndRejections (node:internal/process/task_queues:95:5)
    at async API.sendBusinessCard (file:///C:/DEV/Bot%20qu%E1%BA%A3n%20l%C3%BD%20group%20zalo%20vip/src/api-zalo/apis/sendBusinessCard.js:32:23)
    at async checkAndSendBusinessCard (file:///C:/DEV/Bot%20qu%E1%BA%A3n%20l%C3%BD%20group%20zalo%20vip/src/automations/event-send-msg.js:73:9)
    at async messagesUser (file:///C:/DEV/Bot%20qu%E1%BA%A3n%20l%C3%BD%20group%20zalo%20vip/src/automations/event-send-msg.js:139:53)
    at async Listener.<anonymous> (file:///C:/DEV/Bot%20qu%E1%BA%A3n%20l%C3%BD%20group%20zalo%20vip/src/index.js:165:5)
2025-07-15 23:19:37 - Bot đã thoát với mã: 3221225786
2025-07-15 23:19:37 - Failed to stop bot: kill ESRCH
2025-07-15 23:19:38 - Bot started
2025-07-15 23:19:38 - Bot restarted
2025-07-15 23:23:47 - Bot đã thoát với mã: 3221225786
2025-07-15 23:23:47 - Failed to stop bot: kill ESRCH
2025-07-15 23:23:48 - Bot started
2025-07-15 23:23:48 - Bot restarted
2025-07-15 23:25:17 - Bot đã thoát với mã: 3221225786
2025-07-15 23:25:17 - Failed to stop bot: kill ESRCH
2025-07-15 23:25:18 - Bot started
2025-07-15 23:25:18 - Bot restarted
2025-07-15 23:31:30 - Bot đã thoát với mã: 3221225786
2025-07-15 23:31:30 - Failed to stop bot: kill ESRCH
2025-07-15 23:31:31 - Bot started
2025-07-15 23:31:31 - Bot restarted
2025-07-15 23:34:49 - Bot đã thoát với mã: 3221225786
2025-07-15 23:34:49 - Failed to stop bot: kill ESRCH
2025-07-15 23:34:50 - Bot started
2025-07-15 23:34:50 - Bot restarted
2025-07-15 23:36:48 - Bot đã thoát với mã: 3221225786
2025-07-15 23:36:48 - Failed to stop bot: kill ESRCH
2025-07-15 23:36:49 - Bot started
2025-07-15 23:36:49 - Bot restarted
2025-07-15 23:37:15 - Bot đã thoát với mã: 3221225786
2025-07-15 23:37:15 - Failed to stop bot: kill ESRCH
2025-07-15 23:37:16 - Bot started
2025-07-15 23:37:16 - Bot restarted
2025-07-16 00:47:29 - Bot started
2025-07-16 00:47:33 - Bot đã thoát với mã: 1
2025-07-16 00:47:33 - Failed to stop bot: kill ESRCH
2025-07-16 00:47:34 - Bot started
2025-07-16 00:47:34 - Bot restarted
2025-07-16 00:47:38 - Bot đã thoát với mã: 1
2025-07-16 00:47:38 - Failed to stop bot: kill ESRCH
2025-07-16 00:47:39 - Bot started
2025-07-16 00:47:39 - Bot restarted
2025-07-16 00:48:20 - Bot started
2025-07-16 00:48:24 - Bot đã thoát với mã: 1
2025-07-16 00:48:24 - Failed to stop bot: kill ESRCH
2025-07-16 00:48:25 - Bot started
2025-07-16 00:48:25 - Bot restarted
2025-07-16 00:49:00 - Bot started
2025-07-16 00:49:04 - Bot đã thoát với mã: 1
2025-07-16 00:49:04 - Failed to stop bot: kill ESRCH
2025-07-16 00:49:05 - Bot started
2025-07-16 00:49:05 - Bot restarted
2025-07-16 00:49:08 - Bot đã thoát với mã: 1
2025-07-16 00:49:08 - Failed to stop bot: kill ESRCH
2025-07-16 00:49:09 - Bot started
2025-07-16 00:49:09 - Bot restarted
2025-07-16 00:49:13 - Bot đã thoát với mã: 1
2025-07-16 00:49:13 - Failed to stop bot: kill ESRCH
2025-07-16 00:49:14 - Bot started
2025-07-16 00:49:14 - Bot restarted
2025-07-16 00:50:28 - Bot started
2025-07-16 00:50:34 - Bot đã thoát với mã: 1
2025-07-16 00:50:34 - Failed to stop bot: kill ESRCH
2025-07-16 00:50:35 - Bot started
2025-07-16 00:50:35 - Bot restarted
2025-07-16 00:50:39 - Bot đã thoát với mã: 1
2025-07-16 00:50:39 - Failed to stop bot: kill ESRCH
2025-07-16 00:50:40 - Bot started
2025-07-16 00:50:40 - Bot restarted
2025-07-16 00:50:44 - Bot đã thoát với mã: 1
2025-07-16 00:50:44 - Failed to stop bot: kill ESRCH
2025-07-16 00:50:45 - Bot started
2025-07-16 00:50:45 - Bot restarted
2025-07-16 00:51:38 - Bot started
2025-07-16 00:51:41 - Bot đã thoát với mã: 1
2025-07-16 00:51:41 - Failed to stop bot: kill ESRCH
2025-07-16 00:51:42 - Bot started
2025-07-16 00:51:42 - Bot restarted
2025-07-16 00:51:46 - Bot đã thoát với mã: 1
2025-07-16 00:51:46 - Failed to stop bot: kill ESRCH
2025-07-16 00:51:47 - Bot started
2025-07-16 00:51:47 - Bot restarted
2025-07-16 00:51:50 - Bot đã thoát với mã: 3221225786
2025-07-16 00:51:50 - Failed to stop bot: kill ESRCH
2025-07-16 00:52:11 - Bot started
2025-07-16 00:52:15 - Bot đã thoát với mã: 1
2025-07-16 00:52:15 - Failed to stop bot: kill ESRCH
2025-07-16 00:52:16 - Bot started
2025-07-16 00:52:16 - Bot restarted
2025-07-16 00:52:20 - Bot đã thoát với mã: 1
2025-07-16 00:52:20 - Failed to stop bot: kill ESRCH
2025-07-16 00:52:21 - Bot started
2025-07-16 00:52:21 - Bot restarted
2025-07-16 00:52:24 - Bot đã thoát với mã: 1
2025-07-16 00:52:24 - Failed to stop bot: kill ESRCH
2025-07-16 00:52:25 - Bot started
2025-07-16 00:52:25 - Bot restarted
2025-07-16 00:55:42 - Bot started
2025-07-16 00:55:46 - Bot đã thoát với mã: 1
2025-07-16 00:55:46 - Failed to stop bot: kill ESRCH
2025-07-16 00:55:47 - Bot started
2025-07-16 00:55:47 - Bot restarted
2025-07-16 00:55:50 - Bot đã thoát với mã: 1
2025-07-16 00:55:50 - Failed to stop bot: kill ESRCH
2025-07-16 00:55:51 - Bot started
2025-07-16 00:55:51 - Bot restarted
2025-07-16 00:57:19 - Bot started
2025-07-16 00:57:22 - Bot đã thoát với mã: 1
2025-07-16 00:57:22 - Failed to stop bot: kill ESRCH
2025-07-16 00:57:23 - Bot started
2025-07-16 00:57:23 - Bot restarted
2025-07-16 00:57:27 - Bot đã thoát với mã: 1
2025-07-16 00:57:27 - Failed to stop bot: kill ESRCH
2025-07-16 00:57:28 - Bot started
2025-07-16 00:57:28 - Bot restarted
2025-07-16 00:57:31 - Bot đã thoát với mã: 1
2025-07-16 00:57:31 - Failed to stop bot: kill ESRCH
2025-07-16 00:57:32 - Bot started
2025-07-16 00:57:32 - Bot restarted
2025-07-16 00:57:41 - Bot started
2025-07-16 00:57:44 - Bot đã thoát với mã: 1
2025-07-16 00:57:44 - Failed to stop bot: kill ESRCH
2025-07-16 00:57:46 - Bot started
2025-07-16 00:57:46 - Bot restarted
2025-07-16 00:57:49 - Bot đã thoát với mã: 1
2025-07-16 00:57:49 - Failed to stop bot: kill ESRCH
2025-07-16 00:57:50 - Bot started
2025-07-16 00:57:50 - Bot restarted
2025-07-16 00:57:54 - Bot đã thoát với mã: 1
2025-07-16 00:57:54 - Failed to stop bot: kill ESRCH
2025-07-16 00:57:55 - Bot started
2025-07-16 00:57:55 - Bot restarted
2025-07-16 00:57:58 - Bot đã thoát với mã: 1
2025-07-16 00:57:58 - Failed to stop bot: kill ESRCH
2025-07-16 00:57:59 - Bot started
2025-07-16 00:57:59 - Bot restarted
2025-07-16 00:58:04 - Bot đã thoát với mã: 1
2025-07-16 00:58:04 - Failed to stop bot: kill ESRCH
2025-07-16 00:58:05 - Bot started
2025-07-16 00:58:05 - Bot restarted
2025-07-16 00:58:09 - Bot đã thoát với mã: 1
2025-07-16 00:58:09 - Failed to stop bot: kill ESRCH
2025-07-16 01:00:15 - Bot started
2025-07-16 01:00:20 - Bot đã thoát với mã: 1
2025-07-16 01:00:20 - Failed to stop bot: kill ESRCH
2025-07-16 01:00:21 - Bot started
2025-07-16 01:00:21 - Bot restarted
2025-07-16 01:00:26 - Bot đã thoát với mã: 1
2025-07-16 01:00:26 - Failed to stop bot: kill ESRCH
2025-07-16 01:00:27 - Bot started
2025-07-16 01:00:27 - Bot restarted
2025-07-16 01:00:31 - Bot đã thoát với mã: 1
2025-07-16 01:00:31 - Failed to stop bot: kill ESRCH
2025-07-16 01:00:32 - Bot started
2025-07-16 01:00:32 - Bot restarted
2025-07-16 01:00:37 - Bot đã thoát với mã: 1
2025-07-16 01:00:37 - Failed to stop bot: kill ESRCH
2025-07-16 01:00:38 - Bot started
2025-07-16 01:00:38 - Bot restarted
2025-07-16 01:00:42 - Bot đã thoát với mã: 1
2025-07-16 01:00:42 - Failed to stop bot: kill ESRCH
2025-07-16 01:00:43 - Bot started
2025-07-16 01:00:43 - Bot restarted
2025-07-16 01:00:48 - Bot đã thoát với mã: 1
2025-07-16 01:00:48 - Failed to stop bot: kill ESRCH
2025-07-16 01:00:49 - Bot started
2025-07-16 01:00:49 - Bot restarted
2025-07-16 01:00:51 - Bot đã thoát với mã: 3221225786
2025-07-16 01:00:51 - Failed to stop bot: kill ESRCH
2025-07-16 01:00:52 - Bot started
2025-07-16 01:00:52 - Bot restarted
2025-07-16 01:00:57 - Bot đã thoát với mã: 1
2025-07-16 01:00:57 - Failed to stop bot: kill ESRCH
2025-07-16 01:00:58 - Bot started
2025-07-16 01:00:58 - Bot restarted
2025-07-16 01:01:02 - Bot đã thoát với mã: 1
2025-07-16 01:01:02 - Failed to stop bot: kill ESRCH
2025-07-16 01:01:03 - Bot started
2025-07-16 01:01:03 - Bot restarted
2025-07-16 01:01:08 - Bot đã thoát với mã: 1
2025-07-16 01:01:08 - Failed to stop bot: kill ESRCH
2025-07-16 01:01:09 - Bot started
2025-07-16 01:01:09 - Bot restarted
2025-07-16 01:07:12 - Bot started
2025-07-16 01:07:15 - Bot đã thoát với mã: 1
2025-07-16 01:07:15 - Failed to stop bot: kill ESRCH
2025-07-16 01:07:16 - Bot started
2025-07-16 01:07:16 - Bot restarted
2025-07-16 01:07:20 - Bot đã thoát với mã: 1
2025-07-16 01:07:20 - Failed to stop bot: kill ESRCH
2025-07-16 01:07:21 - Bot started
2025-07-16 01:07:21 - Bot restarted
2025-07-16 01:07:25 - Bot đã thoát với mã: 1
2025-07-16 01:07:25 - Failed to stop bot: kill ESRCH
2025-07-16 01:07:26 - Bot started
2025-07-16 01:07:26 - Bot restarted
2025-07-16 01:07:30 - Bot đã thoát với mã: 1
2025-07-16 01:07:30 - Failed to stop bot: kill ESRCH
2025-07-16 01:07:31 - Bot started
2025-07-16 01:07:31 - Bot restarted
2025-07-16 01:07:35 - Bot đã thoát với mã: 1
2025-07-16 01:07:35 - Failed to stop bot: kill ESRCH
2025-07-16 01:07:36 - Bot started
2025-07-16 01:07:36 - Bot restarted
2025-07-16 01:07:39 - Bot đã thoát với mã: 1
2025-07-16 01:07:39 - Failed to stop bot: kill ESRCH
2025-07-16 01:07:40 - Bot started
2025-07-16 01:07:40 - Bot restarted
2025-07-16 01:07:44 - Bot đã thoát với mã: 1
2025-07-16 01:07:44 - Failed to stop bot: kill ESRCH
2025-07-16 01:07:50 - Bot started
2025-07-16 01:25:20 - Bot started
2025-07-16 01:25:27 - Bot đã thoát với mã: 3221225786
2025-07-16 01:25:27 - Failed to stop bot: kill ESRCH
2025-07-16 01:25:28 - Bot started
2025-07-16 01:25:28 - Bot restarted
2025-07-16 01:29:06 - Bot started
2025-07-16 01:30:16 - Bot đã thoát với mã: 3221225786
2025-07-16 01:30:16 - Failed to stop bot: kill ESRCH
2025-07-16 01:30:17 - Bot started
2025-07-16 01:30:17 - Bot restarted
2025-07-16 01:30:27 - Bot đã thoát với mã: 3221225786
2025-07-16 01:30:27 - Failed to stop bot: kill ESRCH
2025-07-16 01:30:28 - Bot started
2025-07-16 01:30:28 - Bot restarted
2025-07-16 01:30:38 - Mã Lỗi: 114 - > Chú Thích Lỗi Tin Nhắn: Tham số không hợp lệ
Nội Dung Lỗi: ZlBotDQTApiError: Tham số không hợp lệ
    at API.getQRLink (file:///C:/DEV/Bot%20qu%E1%BA%A3n%20l%C3%BD%20group%20zalo%20vip/src/api-zalo/apis/getQRZalo.js:36:29)
    at process.processTicksAndRejections (node:internal/process/task_queues:95:5)
    at async API.sendBusinessCard (file:///C:/DEV/Bot%20qu%E1%BA%A3n%20l%C3%BD%20group%20zalo%20vip/src/api-zalo/apis/sendBusinessCard.js:32:23)
    at async checkAndSendBusinessCard (file:///C:/DEV/Bot%20qu%E1%BA%A3n%20l%C3%BD%20group%20zalo%20vip/src/automations/event-send-msg.js:101:9)
    at async messagesUser (file:///C:/DEV/Bot%20qu%E1%BA%A3n%20l%C3%BD%20group%20zalo%20vip/src/automations/event-send-msg.js:186:16)
    at async Listener.<anonymous> (file:///C:/DEV/Bot%20qu%E1%BA%A3n%20l%C3%BD%20group%20zalo%20vip/src/index.js:165:5)
2025-07-16 01:46:35 - Bot started
2025-07-16 01:47:33 - Mã Lỗi: 114 - > Chú Thích Lỗi Tin Nhắn: Tham số không hợp lệ
Nội Dung Lỗi: ZlBotDQTApiError: Tham số không hợp lệ
    at API.getQRLink (file:///C:/DEV/Bot%20qu%E1%BA%A3n%20l%C3%BD%20group%20zalo%20vip/src/api-zalo/apis/getQRZalo.js:36:29)
    at process.processTicksAndRejections (node:internal/process/task_queues:95:5)
    at async API.sendBusinessCard (file:///C:/DEV/Bot%20qu%E1%BA%A3n%20l%C3%BD%20group%20zalo%20vip/src/api-zalo/apis/sendBusinessCard.js:32:23)
    at async checkAndSendBusinessCard (file:///C:/DEV/Bot%20qu%E1%BA%A3n%20l%C3%BD%20group%20zalo%20vip/src/automations/event-send-msg.js:101:9)
    at async messagesUser (file:///C:/DEV/Bot%20qu%E1%BA%A3n%20l%C3%BD%20group%20zalo%20vip/src/automations/event-send-msg.js:186:16)
    at async Listener.<anonymous> (file:///C:/DEV/Bot%20qu%E1%BA%A3n%20l%C3%BD%20group%20zalo%20vip/src/index.js:165:5)
2025-07-16 01:49:56 - Bot started
2025-07-16 01:50:06 - Mã Lỗi: 114 - > Chú Thích Lỗi Tin Nhắn: Tham số không hợp lệ
Nội Dung Lỗi: ZlBotDQTApiError: Tham số không hợp lệ
    at API.getQRLink (file:///C:/DEV/Bot%20qu%E1%BA%A3n%20l%C3%BD%20group%20zalo%20vip/src/api-zalo/apis/getQRZalo.js:36:29)
    at process.processTicksAndRejections (node:internal/process/task_queues:95:5)
    at async API.sendBusinessCard (file:///C:/DEV/Bot%20qu%E1%BA%A3n%20l%C3%BD%20group%20zalo%20vip/src/api-zalo/apis/sendBusinessCard.js:50:23)
    at async checkAndSendBusinessCard (file:///C:/DEV/Bot%20qu%E1%BA%A3n%20l%C3%BD%20group%20zalo%20vip/src/automations/event-send-msg.js:101:9)
    at async messagesUser (file:///C:/DEV/Bot%20qu%E1%BA%A3n%20l%C3%BD%20group%20zalo%20vip/src/automations/event-send-msg.js:186:16)
    at async Listener.<anonymous> (file:///C:/DEV/Bot%20qu%E1%BA%A3n%20l%C3%BD%20group%20zalo%20vip/src/index.js:165:5)
2025-07-16 01:51:39 - Bot đã thoát với mã: 3221225786
2025-07-16 01:51:39 - Failed to stop bot: kill ESRCH
2025-07-16 01:51:40 - Bot started
2025-07-16 01:51:40 - Bot restarted
2025-07-16 01:52:56 - Bot đã thoát với mã: 3221225786
2025-07-16 01:52:56 - Failed to stop bot: kill ESRCH
2025-07-16 01:52:57 - Bot started
2025-07-16 01:52:57 - Bot restarted
2025-07-16 01:53:13 - Mã Lỗi: 114 - > Chú Thích Lỗi Tin Nhắn: Tham số không hợp lệ
Nội Dung Lỗi: ZlBotDQTApiError: Tham số không hợp lệ
    at API.getQRLink (file:///C:/DEV/Bot%20qu%E1%BA%A3n%20l%C3%BD%20group%20zalo%20vip/src/api-zalo/apis/getQRZalo.js:50:13)
    at process.processTicksAndRejections (node:internal/process/task_queues:95:5)
    at async API.sendBusinessCard (file:///C:/DEV/Bot%20qu%E1%BA%A3n%20l%C3%BD%20group%20zalo%20vip/src/api-zalo/apis/sendBusinessCard.js:50:23)
    at async checkAndSendBusinessCard (file:///C:/DEV/Bot%20qu%E1%BA%A3n%20l%C3%BD%20group%20zalo%20vip/src/automations/event-send-msg.js:101:9)
    at async messagesUser (file:///C:/DEV/Bot%20qu%E1%BA%A3n%20l%C3%BD%20group%20zalo%20vip/src/automations/event-send-msg.js:186:16)
    at async Listener.<anonymous> (file:///C:/DEV/Bot%20qu%E1%BA%A3n%20l%C3%BD%20group%20zalo%20vip/src/index.js:165:5)
2025-07-16 01:54:38 - Bot đã thoát với mã: 3221225786
2025-07-16 01:54:38 - Failed to stop bot: kill ESRCH
2025-07-16 01:54:39 - Bot started
2025-07-16 01:54:39 - Bot restarted
2025-07-16 01:54:47 - Mã Lỗi: 114 - > Chú Thích Lỗi Tin Nhắn: Tham số không hợp lệ
Nội Dung Lỗi: ZlBotDQTApiError: Tham số không hợp lệ
    at API.getQRLink (file:///C:/DEV/Bot%20qu%E1%BA%A3n%20l%C3%BD%20group%20zalo%20vip/src/api-zalo/apis/getQRZalo.js:48:13)
    at process.processTicksAndRejections (node:internal/process/task_queues:95:5)
    at async API.sendBusinessCard (file:///C:/DEV/Bot%20qu%E1%BA%A3n%20l%C3%BD%20group%20zalo%20vip/src/api-zalo/apis/sendBusinessCard.js:50:23)
    at async checkAndSendBusinessCard (file:///C:/DEV/Bot%20qu%E1%BA%A3n%20l%C3%BD%20group%20zalo%20vip/src/automations/event-send-msg.js:102:9)
    at async messagesUser (file:///C:/DEV/Bot%20qu%E1%BA%A3n%20l%C3%BD%20group%20zalo%20vip/src/automations/event-send-msg.js:187:16)
    at async Listener.<anonymous> (file:///C:/DEV/Bot%20qu%E1%BA%A3n%20l%C3%BD%20group%20zalo%20vip/src/index.js:165:5)
2025-07-16 01:58:10 - Bot đã thoát với mã: 3221225786
2025-07-16 01:58:10 - Failed to stop bot: kill ESRCH
2025-07-16 01:58:11 - Bot started
2025-07-16 01:58:11 - Bot restarted
2025-07-16 01:58:21 - Mã Lỗi: 114 - > Chú Thích Lỗi Tin Nhắn: Tham số không hợp lệ
Nội Dung Lỗi: ZlBotDQTApiError: Tham số không hợp lệ
    at API.getQRLink (file:///C:/DEV/Bot%20qu%E1%BA%A3n%20l%C3%BD%20group%20zalo%20vip/src/api-zalo/apis/getQRZalo.js:48:13)
    at process.processTicksAndRejections (node:internal/process/task_queues:95:5)
    at async API.sendBusinessCard (file:///C:/DEV/Bot%20qu%E1%BA%A3n%20l%C3%BD%20group%20zalo%20vip/src/api-zalo/apis/sendBusinessCard.js:50:23)
    at async checkAndSendBusinessCard (file:///C:/DEV/Bot%20qu%E1%BA%A3n%20l%C3%BD%20group%20zalo%20vip/src/automations/event-send-msg.js:96:9)
    at async messagesUser (file:///C:/DEV/Bot%20qu%E1%BA%A3n%20l%C3%BD%20group%20zalo%20vip/src/automations/event-send-msg.js:181:16)
    at async Listener.<anonymous> (file:///C:/DEV/Bot%20qu%E1%BA%A3n%20l%C3%BD%20group%20zalo%20vip/src/index.js:165:5)
2025-07-16 01:58:50 - Bot đã thoát với mã: 3221225786
2025-07-16 01:58:50 - Failed to stop bot: kill ESRCH
2025-07-16 01:58:51 - Bot started
2025-07-16 01:58:51 - Bot restarted
2025-07-16 01:58:58 - Mã Lỗi: 114 - > Chú Thích Lỗi Tin Nhắn: Tham số không hợp lệ
Nội Dung Lỗi: ZlBotDQTApiError: Tham số không hợp lệ
    at API.getQRLink (file:///C:/DEV/Bot%20qu%E1%BA%A3n%20l%C3%BD%20group%20zalo%20vip/src/api-zalo/apis/getQRZalo.js:50:13)
    at process.processTicksAndRejections (node:internal/process/task_queues:95:5)
    at async API.sendBusinessCard (file:///C:/DEV/Bot%20qu%E1%BA%A3n%20l%C3%BD%20group%20zalo%20vip/src/api-zalo/apis/sendBusinessCard.js:50:23)
    at async checkAndSendBusinessCard (file:///C:/DEV/Bot%20qu%E1%BA%A3n%20l%C3%BD%20group%20zalo%20vip/src/automations/event-send-msg.js:96:9)
    at async messagesUser (file:///C:/DEV/Bot%20qu%E1%BA%A3n%20l%C3%BD%20group%20zalo%20vip/src/automations/event-send-msg.js:181:16)
    at async Listener.<anonymous> (file:///C:/DEV/Bot%20qu%E1%BA%A3n%20l%C3%BD%20group%20zalo%20vip/src/index.js:165:5)
2025-07-16 02:01:42 - Bot đã thoát với mã: 3221225786
2025-07-16 02:01:42 - Failed to stop bot: kill ESRCH
2025-07-16 02:01:43 - Bot started
2025-07-16 02:01:43 - Bot restarted
2025-07-16 02:02:28 - Bot đã thoát với mã: 3221225786
2025-07-16 02:02:28 - Failed to stop bot: kill ESRCH
2025-07-16 02:02:29 - Bot started
2025-07-16 02:02:29 - Bot restarted
2025-07-17 00:52:14 - Bot started
2025-07-17 00:52:28 - Bot đã thoát với mã: 3221225786
2025-07-17 00:52:28 - Failed to stop bot: kill ESRCH
2025-07-17 00:52:29 - Bot started
2025-07-17 00:52:29 - Bot restarted
2025-07-17 01:24:41 - Bot started
2025-07-17 01:25:14 - Bot đã thoát với mã: 3221225786
2025-07-17 01:25:14 - Failed to stop bot: kill ESRCH
2025-07-17 01:25:15 - Bot started
2025-07-17 01:25:15 - Bot restarted
2025-07-17 01:25:29 - Bot started
2025-07-17 01:26:08 - Bot đã thoát với mã: 3221225786
2025-07-17 01:26:08 - Failed to stop bot: kill ESRCH
2025-07-17 01:26:09 - Bot started
2025-07-17 01:26:09 - Bot restarted
2025-07-17 01:26:45 - Bot đã thoát với mã: 3221225786
2025-07-17 01:26:45 - Failed to stop bot: kill ESRCH
2025-07-17 01:26:46 - Bot started
2025-07-17 01:26:46 - Bot restarted
2025-07-17 21:31:19 - Bot started
2025-07-17 21:31:29 - Bot đã thoát với mã: 3221225786
2025-07-17 21:31:29 - Failed to stop bot: kill ESRCH
2025-07-17 21:31:30 - Bot started
2025-07-17 21:31:30 - Bot restarted
2025-07-17 21:31:55 - Bot đã thoát với mã: 3221225786
2025-07-17 21:31:55 - Failed to stop bot: kill ESRCH
2025-07-17 21:31:56 - Bot started
2025-07-17 21:31:56 - Bot restarted
2025-07-17 21:32:21 - Bot started
2025-07-17 21:38:03 - Bot started
2025-07-17 21:38:05 - Bot đã thoát với mã: 1
2025-07-17 21:38:05 - Failed to stop bot: kill ESRCH
2025-07-17 21:38:06 - Bot started
2025-07-17 21:38:06 - Bot restarted
2025-07-17 21:38:08 - Bot đã thoát với mã: 1
2025-07-17 21:38:08 - Failed to stop bot: kill ESRCH
2025-07-17 21:38:09 - Bot started
2025-07-17 21:38:09 - Bot restarted
2025-07-17 21:38:10 - Bot đã thoát với mã: 1
2025-07-17 21:38:10 - Failed to stop bot: kill ESRCH
